Arguments: 
  /usr/bin/node /usr/bin/yarn add @salana/web3.js

PATH: 
  /home/kei/bin:/home/kei/git/go/bin:/home/kei/tmp/google-cloud-sdk/bin:/home/kei/bin:/home/kei/git/go/bin:/home/kei/bin:/home/kei/git/go/bin:/usr/local/sbin:/usr/local/bin:/usr/bin:/usr/lib/jvm/default/bin:/usr/bin/site_perl:/usr/bin/vendor_perl:/usr/bin/core_perl:/usr/share/bcc/tools:/usr/share/bpftrace/tools:/home/kei/.cargo/bin:/home/kei/.yarn/bin:/home/kei/.config/yarn/global/node_modules/.bin:/home/kei/node_modules/.bin:/home/kei/.local/bin:/home/kei/.local/share/gem/ruby/3.0.0/bin:/usr/share/bcc/tools:/usr/share/bpftrace/tools:/home/kei/.cargo/bin:/home/kei/.yarn/bin:/home/kei/.config/yarn/global/node_modules/.bin:/home/kei/node_modules/.bin:/home/kei/.local/bin:/home/kei/.local/share/gem/ruby/3.0.0/bin:/usr/lib/jvm/default/bin:/usr/share/bcc/tools:/usr/share/bpftrace/tools:/home/kei/.cargo/bin:/home/kei/.yarn/bin:/home/kei/.config/yarn/global/node_modules/.bin:/home/kei/node_modules/.bin:/home/kei/.local/bin:/home/kei/.local/share/gem/ruby/3.0.0/bin

Yarn version: 
  1.22.19

Node version: 
  18.3.0

Platform: 
  linux x64

Trace: 
  Error: https://registry.yarnpkg.com/@salana%2fweb3.js: Not found
      at params.callback [as _callback] (/usr/lib/node_modules/yarn/lib/cli.js:66145:18)
      at self.callback (/usr/lib/node_modules/yarn/lib/cli.js:140890:22)
      at Request.emit (node:events:527:28)
      at Request.<anonymous> (/usr/lib/node_modules/yarn/lib/cli.js:141862:10)
      at Request.emit (node:events:527:28)
      at IncomingMessage.<anonymous> (/usr/lib/node_modules/yarn/lib/cli.js:141784:12)
      at Object.onceWrapper (node:events:641:28)
      at IncomingMessage.emit (node:events:539:35)
      at endReadableNT (node:internal/streams/readable:1344:12)
      at process.processTicksAndRejections (node:internal/process/task_queues:82:21)

npm manifest: 
  {
    "name": "airdrop",
    "version": "1.0.0",
    "description": "Solana Wallet Example",
    "main": "index.js",
    "repository": "https://github.com/keithnoguchi/airdrop",
    "author": "Keith Noguchi <hack@noguchi.us>",
    "license": "MIT"
  }

yarn manifest: 
  No manifest

Lockfile: 
  No lockfile
